[2024-02-07 07:30:05] production.ERROR: Please provide a valid cache path. {"exception":"[object] (InvalidArgumentException(code: 0): Please provide a valid cache path. at /var/www/vhosts/plenserindustrialspares.com/httpdocs/vendor/laravel/framework/src/Illuminate/View/Compilers/Compiler.php:66)
[stacktrace]
#0 /var/www/vhosts/plenserindustrialspares.com/httpdocs/vendor/laravel/framework/src/Illuminate/View/ViewServiceProvider.php(96): Illuminate\\View\\Compilers\\Compiler->__construct()
#1 /var/www/vhosts/plenserindustrialspares.com/httpdocs/vendor/laravel/framework/src/Illuminate/Container/Container.php(885): Illuminate\\View\\ViewServiceProvider->Illuminate\\View\\{closure}()
#2 /var/www/vhosts/plenserindustrialspares.com/httpdocs/vendor/laravel/framework/src/Illuminate/Container/Container.php(770): Illuminate\\Container\\Container->build()
#3 /var/www/vhosts/plenserindustrialspares.com/httpdocs/vendor/laravel/framework/src/Illuminate/Foundation/Application.php(856): Illuminate\\Container\\Container->resolve()
#4 /var/www/vhosts/plenserindustrialspares.com/httpdocs/vendor/laravel/framework/src/Illuminate/Container/Container.php(706): Illuminate\\Foundation\\Application->resolve()
#5 /var/www/vhosts/plenserindustrialspares.com/httpdocs/vendor/laravel/framework/src/Illuminate/Foundation/Application.php(841): Illuminate\\Container\\Container->make()
#6 /var/www/vhosts/plenserindustrialspares.com/httpdocs/vendor/laravel/framework/src/Illuminate/Container/Container.php(1431): Illuminate\\Foundation\\Application->make()
#7 /var/www/vhosts/plenserindustrialspares.com/httpdocs/vendor/laravel/framework/src/Illuminate/Support/Facades/Facade.php(222): Illuminate\\Container\\Container->offsetGet()
#8 /var/www/vhosts/plenserindustrialspares.com/httpdocs/vendor/laravel/framework/src/Illuminate/Support/Facades/Facade.php(193): Illuminate\\Support\\Facades\\Facade::resolveFacadeInstance()
#9 /var/www/vhosts/plenserindustrialspares.com/httpdocs/vendor/laravel/framework/src/Illuminate/Support/Facades/Facade.php(332): Illuminate\\Support\\Facades\\Facade::getFacadeRoot()
#10 /var/www/vhosts/plenserindustrialspares.com/httpdocs/app/Providers/AppServiceProvider.php(53): Illuminate\\Support\\Facades\\Facade::__callStatic()
#11 /var/www/vhosts/plenserindustrialspares.com/httpdocs/vendor/laravel/framework/src/Illuminate/Container/BoundMethod.php(36): App\\Providers\\AppServiceProvider->boot()
#12 /var/www/vhosts/plenserindustrialspares.com/httpdocs/vendor/laravel/framework/src/Illuminate/Container/Util.php(41): Illuminate\\Container\\BoundMethod::Illuminate\\Container\\{closure}()
#13 /var/www/vhosts/plenserindustrialspares.com/httpdocs/vendor/laravel/framework/src/Illuminate/Container/BoundMethod.php(93): Illuminate\\Container\\Util::unwrapIfClosure()
#14 /var/www/vhosts/plenserindustrialspares.com/httpdocs/vendor/laravel/framework/src/Illuminate/Container/BoundMethod.php(35): Illuminate\\Container\\BoundMethod::callBoundMethod()
#15 /var/www/vhosts/plenserindustrialspares.com/httpdocs/vendor/laravel/framework/src/Illuminate/Container/Container.php(661): Illuminate\\Container\\BoundMethod::call()
#16 /var/www/vhosts/plenserindustrialspares.com/httpdocs/vendor/laravel/framework/src/Illuminate/Foundation/Application.php(929): Illuminate\\Container\\Container->call()
#17 /var/www/vhosts/plenserindustrialspares.com/httpdocs/vendor/laravel/framework/src/Illuminate/Foundation/Application.php(910): Illuminate\\Foundation\\Application->bootProvider()
#18 [internal function]: Illuminate\\Foundation\\Application->Illuminate\\Foundation\\{closure}()
#19 /var/www/vhosts/plenserindustrialspares.com/httpdocs/vendor/laravel/framework/src/Illuminate/Foundation/Application.php(909): array_walk()
#20 /var/www/vhosts/plenserindustrialspares.com/httpdocs/vendor/laravel/framework/src/Illuminate/Foundation/Bootstrap/BootProviders.php(17): Illuminate\\Foundation\\Application->boot()
#21 /var/www/vhosts/plenserindustrialspares.com/httpdocs/vendor/laravel/framework/src/Illuminate/Foundation/Application.php(242): Illuminate\\Foundation\\Bootstrap\\BootProviders->bootstrap()
#22 /var/www/vhosts/plenserindustrialspares.com/httpdocs/vendor/laravel/framework/src/Illuminate/Foundation/Console/Kernel.php(383): Illuminate\\Foundation\\Application->bootstrapWith()
#23 /var/www/vhosts/plenserindustrialspares.com/httpdocs/vendor/laravel/framework/src/Illuminate/Foundation/Console/Kernel.php(153): Illuminate\\Foundation\\Console\\Kernel->bootstrap()
#24 /var/www/vhosts/plenserindustrialspares.com/httpdocs/artisan(35): Illuminate\\Foundation\\Console\\Kernel->handle()
#25 {main}
"} 
[2024-02-07 07:31:21] production.ERROR: Please provide a valid cache path. {"exception":"[object] (InvalidArgumentException(code: 0): Please provide a valid cache path. at /var/www/vhosts/plenserindustrialspares.com/httpdocs/vendor/laravel/framework/src/Illuminate/View/Compilers/Compiler.php:66)
[stacktrace]
#0 /var/www/vhosts/plenserindustrialspares.com/httpdocs/vendor/laravel/framework/src/Illuminate/View/ViewServiceProvider.php(96): Illuminate\\View\\Compilers\\Compiler->__construct()
#1 /var/www/vhosts/plenserindustrialspares.com/httpdocs/vendor/laravel/framework/src/Illuminate/Container/Container.php(885): Illuminate\\View\\ViewServiceProvider->Illuminate\\View\\{closure}()
#2 /var/www/vhosts/plenserindustrialspares.com/httpdocs/vendor/laravel/framework/src/Illuminate/Container/Container.php(770): Illuminate\\Container\\Container->build()
#3 /var/www/vhosts/plenserindustrialspares.com/httpdocs/vendor/laravel/framework/src/Illuminate/Foundation/Application.php(856): Illuminate\\Container\\Container->resolve()
#4 /var/www/vhosts/plenserindustrialspares.com/httpdocs/vendor/laravel/framework/src/Illuminate/Container/Container.php(706): Illuminate\\Foundation\\Application->resolve()
#5 /var/www/vhosts/plenserindustrialspares.com/httpdocs/vendor/laravel/framework/src/Illuminate/Foundation/Application.php(841): Illuminate\\Container\\Container->make()
#6 /var/www/vhosts/plenserindustrialspares.com/httpdocs/vendor/laravel/framework/src/Illuminate/Container/Container.php(1431): Illuminate\\Foundation\\Application->make()
#7 /var/www/vhosts/plenserindustrialspares.com/httpdocs/vendor/laravel/framework/src/Illuminate/Support/Facades/Facade.php(222): Illuminate\\Container\\Container->offsetGet()
#8 /var/www/vhosts/plenserindustrialspares.com/httpdocs/vendor/laravel/framework/src/Illuminate/Support/Facades/Facade.php(193): Illuminate\\Support\\Facades\\Facade::resolveFacadeInstance()
#9 /var/www/vhosts/plenserindustrialspares.com/httpdocs/vendor/laravel/framework/src/Illuminate/Support/Facades/Facade.php(332): Illuminate\\Support\\Facades\\Facade::getFacadeRoot()
#10 /var/www/vhosts/plenserindustrialspares.com/httpdocs/app/Providers/AppServiceProvider.php(53): Illuminate\\Support\\Facades\\Facade::__callStatic()
#11 /var/www/vhosts/plenserindustrialspares.com/httpdocs/vendor/laravel/framework/src/Illuminate/Container/BoundMethod.php(36): App\\Providers\\AppServiceProvider->boot()
#12 /var/www/vhosts/plenserindustrialspares.com/httpdocs/vendor/laravel/framework/src/Illuminate/Container/Util.php(41): Illuminate\\Container\\BoundMethod::Illuminate\\Container\\{closure}()
#13 /var/www/vhosts/plenserindustrialspares.com/httpdocs/vendor/laravel/framework/src/Illuminate/Container/BoundMethod.php(93): Illuminate\\Container\\Util::unwrapIfClosure()
#14 /var/www/vhosts/plenserindustrialspares.com/httpdocs/vendor/laravel/framework/src/Illuminate/Container/BoundMethod.php(35): Illuminate\\Container\\BoundMethod::callBoundMethod()
#15 /var/www/vhosts/plenserindustrialspares.com/httpdocs/vendor/laravel/framework/src/Illuminate/Container/Container.php(661): Illuminate\\Container\\BoundMethod::call()
#16 /var/www/vhosts/plenserindustrialspares.com/httpdocs/vendor/laravel/framework/src/Illuminate/Foundation/Application.php(929): Illuminate\\Container\\Container->call()
#17 /var/www/vhosts/plenserindustrialspares.com/httpdocs/vendor/laravel/framework/src/Illuminate/Foundation/Application.php(910): Illuminate\\Foundation\\Application->bootProvider()
#18 [internal function]: Illuminate\\Foundation\\Application->Illuminate\\Foundation\\{closure}()
#19 /var/www/vhosts/plenserindustrialspares.com/httpdocs/vendor/laravel/framework/src/Illuminate/Foundation/Application.php(909): array_walk()
#20 /var/www/vhosts/plenserindustrialspares.com/httpdocs/vendor/laravel/framework/src/Illuminate/Foundation/Bootstrap/BootProviders.php(17): Illuminate\\Foundation\\Application->boot()
#21 /var/www/vhosts/plenserindustrialspares.com/httpdocs/vendor/laravel/framework/src/Illuminate/Foundation/Application.php(242): Illuminate\\Foundation\\Bootstrap\\BootProviders->bootstrap()
#22 /var/www/vhosts/plenserindustrialspares.com/httpdocs/vendor/laravel/framework/src/Illuminate/Foundation/Console/Kernel.php(383): Illuminate\\Foundation\\Application->bootstrapWith()
#23 /var/www/vhosts/plenserindustrialspares.com/httpdocs/vendor/laravel/framework/src/Illuminate/Foundation/Console/Kernel.php(153): Illuminate\\Foundation\\Console\\Kernel->bootstrap()
#24 /var/www/vhosts/plenserindustrialspares.com/httpdocs/artisan(35): Illuminate\\Foundation\\Console\\Kernel->handle()
#25 {main}
"} 
