[2024-02-08 13:25:11] live.ERROR: An email must have a "From" or a "Sender" header. {"exception":"[object] (Symfony\\Component\\Mime\\Exception\\LogicException(code: 0): An email must have a \"From\" or a \"Sender\" header. at /var/www/vhosts/plenserindustrialspares.com/httpdocs/vendor/symfony/mime/Message.php:138)
[stacktrace]
#0 /var/www/vhosts/plenserindustrialspares.com/httpdocs/vendor/symfony/mime/Email.php(410): Symfony\\Component\\Mime\\Message->ensureValidity()
#1 /var/www/vhosts/plenserindustrialspares.com/httpdocs/vendor/symfony/mailer/SentMessage.php(33): Symfony\\Component\\Mime\\Email->ensureValidity()
#2 /var/www/vhosts/plenserindustrialspares.com/httpdocs/vendor/symfony/mailer/Transport/AbstractTransport.php(68): Symfony\\Component\\Mailer\\SentMessage->__construct()
#3 /var/www/vhosts/plenserindustrialspares.com/httpdocs/vendor/symfony/mailer/Transport/Smtp/SmtpTransport.php(137): Symfony\\Component\\Mailer\\Transport\\AbstractTransport->send()
#4 /var/www/vhosts/plenserindustrialspares.com/httpdocs/vendor/laravel/framework/src/Illuminate/Mail/Mailer.php(523): Symfony\\Component\\Mailer\\Transport\\Smtp\\SmtpTransport->send()
#5 /var/www/vhosts/plenserindustrialspares.com/httpdocs/vendor/laravel/framework/src/Illuminate/Mail/Mailer.php(287): Illuminate\\Mail\\Mailer->sendSymfonyMessage()
#6 /var/www/vhosts/plenserindustrialspares.com/httpdocs/vendor/laravel/framework/src/Illuminate/Notifications/Channels/MailChannel.php(64): Illuminate\\Mail\\Mailer->send()
#7 /var/www/vhosts/plenserindustrialspares.com/httpdocs/vendor/laravel/framework/src/Illuminate/Notifications/NotificationSender.php(148): Illuminate\\Notifications\\Channels\\MailChannel->send()
#8 /var/www/vhosts/plenserindustrialspares.com/httpdocs/vendor/laravel/framework/src/Illuminate/Notifications/NotificationSender.php(106): Illuminate\\Notifications\\NotificationSender->sendToNotifiable()
#9 /var/www/vhosts/plenserindustrialspares.com/httpdocs/vendor/laravel/framework/src/Illuminate/Support/Traits/Localizable.php(19): Illuminate\\Notifications\\NotificationSender->Illuminate\\Notifications\\{closure}()
#10 /var/www/vhosts/plenserindustrialspares.com/httpdocs/vendor/laravel/framework/src/Illuminate/Notifications/NotificationSender.php(101): Illuminate\\Notifications\\NotificationSender->withLocale()
#11 /var/www/vhosts/plenserindustrialspares.com/httpdocs/vendor/laravel/framework/src/Illuminate/Notifications/NotificationSender.php(79): Illuminate\\Notifications\\NotificationSender->sendNow()
#12 /var/www/vhosts/plenserindustrialspares.com/httpdocs/vendor/laravel/framework/src/Illuminate/Notifications/ChannelManager.php(39): Illuminate\\Notifications\\NotificationSender->send()
#13 /var/www/vhosts/plenserindustrialspares.com/httpdocs/vendor/laravel/framework/src/Illuminate/Notifications/RoutesNotifications.php(18): Illuminate\\Notifications\\ChannelManager->send()
#14 /var/www/vhosts/plenserindustrialspares.com/httpdocs/vendor/laravel/framework/src/Illuminate/Auth/Passwords/CanResetPassword.php(27): App\\User->notify()
#15 /var/www/vhosts/plenserindustrialspares.com/httpdocs/vendor/laravel/framework/src/Illuminate/Auth/Passwords/PasswordBroker.php(71): Illuminate\\Foundation\\Auth\\User->sendPasswordResetNotification()
#16 /var/www/vhosts/plenserindustrialspares.com/httpdocs/vendor/laravel/ui/auth-backend/SendsPasswordResetEmails.php(35): Illuminate\\Auth\\Passwords\\PasswordBroker->sendResetLink()
#17 /var/www/vhosts/plenserindustrialspares.com/httpdocs/vendor/laravel/framework/src/Illuminate/Routing/Controller.php(54): App\\Http\\Controllers\\Auth\\ForgotPasswordController->sendResetLinkEmail()
#18 /var/www/vhosts/plenserindustrialspares.com/httpdocs/vendor/laravel/framework/src/Illuminate/Routing/ControllerDispatcher.php(43): Illuminate\\Routing\\Controller->callAction()
#19 /var/www/vhosts/plenserindustrialspares.com/httpdocs/vendor/laravel/framework/src/Illuminate/Routing/Route.php(259): Illuminate\\Routing\\ControllerDispatcher->dispatch()
#20 /var/www/vhosts/plenserindustrialspares.com/httpdocs/vendor/laravel/framework/src/Illuminate/Routing/Route.php(205): Illuminate\\Routing\\Route->runController()
#21 /var/www/vhosts/plenserindustrialspares.com/httpdocs/vendor/laravel/framework/src/Illuminate/Routing/Router.php(798): Illuminate\\Routing\\Route->run()
#22 /var/www/vhosts/plenserindustrialspares.com/httpdocs/vendor/laravel/framework/src/Illuminate/Pipeline/Pipeline.php(141): Illuminate\\Routing\\Router->Illuminate\\Routing\\{closure}()
#23 /var/www/vhosts/plenserindustrialspares.com/httpdocs/app/Http/Middleware/IsInstalled.php(26): Illuminate\\Pipeline\\Pipeline->Illuminate\\Pipeline\\{closure}()
#24 /var/www/vhosts/plenserindustrialspares.com/httpdocs/vendor/laravel/framework/src/Illuminate/Pipeline/Pipeline.php(180): App\\Http\\Middleware\\IsInstalled->handle()
#25 /var/www/vhosts/plenserindustrialspares.com/httpdocs/vendor/laravel/framework/src/Illuminate/Routing/Middleware/SubstituteBindings.php(50): Illuminate\\Pipeline\\Pipeline->Illuminate\\Pipeline\\{closure}()
#26 /var/www/vhosts/plenserindustrialspares.com/httpdocs/vendor/laravel/framework/src/Illuminate/Pipeline/Pipeline.php(180): Illuminate\\Routing\\Middleware\\SubstituteBindings->handle()
#27 /var/www/vhosts/plenserindustrialspares.com/httpdocs/vendor/laravel/framework/src/Illuminate/Foundation/Http/Middleware/VerifyCsrfToken.php(78): Illuminate\\Pipeline\\Pipeline->Illuminate\\Pipeline\\{closure}()
#28 /var/www/vhosts/plenserindustrialspares.com/httpdocs/vendor/laravel/framework/src/Illuminate/Pipeline/Pipeline.php(180): Illuminate\\Foundation\\Http\\Middleware\\VerifyCsrfToken->handle()
#29 /var/www/vhosts/plenserindustrialspares.com/httpdocs/vendor/laravel/framework/src/Illuminate/View/Middleware/ShareErrorsFromSession.php(49): Illuminate\\Pipeline\\Pipeline->Illuminate\\Pipeline\\{closure}()
#30 /var/www/vhosts/plenserindustrialspares.com/httpdocs/vendor/laravel/framework/src/Illuminate/Pipeline/Pipeline.php(180): Illuminate\\View\\Middleware\\ShareErrorsFromSession->handle()
#31 /var/www/vhosts/plenserindustrialspares.com/httpdocs/vendor/laravel/framework/src/Illuminate/Session/Middleware/StartSession.php(121): Illuminate\\Pipeline\\Pipeline->Illuminate\\Pipeline\\{closure}()
#32 /var/www/vhosts/plenserindustrialspares.com/httpdocs/vendor/laravel/framework/src/Illuminate/Session/Middleware/StartSession.php(64): Illuminate\\Session\\Middleware\\StartSession->handleStatefulRequest()
#33 /var/www/vhosts/plenserindustrialspares.com/httpdocs/vendor/laravel/framework/src/Illuminate/Pipeline/Pipeline.php(180): Illuminate\\Session\\Middleware\\StartSession->handle()
#34 /var/www/vhosts/plenserindustrialspares.com/httpdocs/vendor/laravel/framework/src/Illuminate/Cookie/Middleware/AddQueuedCookiesToResponse.php(37): Illuminate\\Pipeline\\Pipeline->Illuminate\\Pipeline\\{closure}()
#35 /var/www/vhosts/plenserindustrialspares.com/httpdocs/vendor/laravel/framework/src/Illuminate/Pipeline/Pipeline.php(180): Illuminate\\Cookie\\Middleware\\AddQueuedCookiesToResponse->handle()
#36 /var/www/vhosts/plenserindustrialspares.com/httpdocs/vendor/laravel/framework/src/Illuminate/Cookie/Middleware/EncryptCookies.php(67): Illuminate\\Pipeline\\Pipeline->Illuminate\\Pipeline\\{closure}()
#37 /var/www/vhosts/plenserindustrialspares.com/httpdocs/vendor/laravel/framework/src/Illuminate/Pipeline/Pipeline.php(180): Illuminate\\Cookie\\Middleware\\EncryptCookies->handle()
#38 /var/www/vhosts/plenserindustrialspares.com/httpdocs/vendor/laravel/framework/src/Illuminate/Pipeline/Pipeline.php(116): Illuminate\\Pipeline\\Pipeline->Illuminate\\Pipeline\\{closure}()
#39 /var/www/vhosts/plenserindustrialspares.com/httpdocs/vendor/laravel/framework/src/Illuminate/Routing/Router.php(797): Illuminate\\Pipeline\\Pipeline->then()
#40 /var/www/vhosts/plenserindustrialspares.com/httpdocs/vendor/laravel/framework/src/Illuminate/Routing/Router.php(776): Illuminate\\Routing\\Router->runRouteWithinStack()
#41 /var/www/vhosts/plenserindustrialspares.com/httpdocs/vendor/laravel/framework/src/Illuminate/Routing/Router.php(740): Illuminate\\Routing\\Router->runRoute()
#42 /var/www/vhosts/plenserindustrialspares.com/httpdocs/vendor/laravel/framework/src/Illuminate/Routing/Router.php(729): Illuminate\\Routing\\Router->dispatchToRoute()
#43 /var/www/vhosts/plenserindustrialspares.com/httpdocs/vendor/laravel/framework/src/Illuminate/Foundation/Http/Kernel.php(190): Illuminate\\Routing\\Router->dispatch()
#44 /var/www/vhosts/plenserindustrialspares.com/httpdocs/vendor/laravel/framework/src/Illuminate/Pipeline/Pipeline.php(141): Illuminate\\Foundation\\Http\\Kernel->Illuminate\\Foundation\\Http\\{closure}()
#45 /var/www/vhosts/plenserindustrialspares.com/httpdocs/vendor/laravel/framework/src/Illuminate/Foundation/Http/Middleware/TransformsRequest.php(21): Illuminate\\Pipeline\\Pipeline->Illuminate\\Pipeline\\{closure}()
#46 /var/www/vhosts/plenserindustrialspares.com/httpdocs/vendor/laravel/framework/src/Illuminate/Foundation/Http/Middleware/ConvertEmptyStringsToNull.php(31): Illuminate\\Foundation\\Http\\Middleware\\TransformsRequest->handle()
#47 /var/www/vhosts/plenserindustrialspares.com/httpdocs/vendor/laravel/framework/src/Illuminate/Pipeline/Pipeline.php(180): Illuminate\\Foundation\\Http\\Middleware\\ConvertEmptyStringsToNull->handle()
#48 /var/www/vhosts/plenserindustrialspares.com/httpdocs/vendor/laravel/framework/src/Illuminate/Foundation/Http/Middleware/TransformsRequest.php(21): Illuminate\\Pipeline\\Pipeline->Illuminate\\Pipeline\\{closure}()
#49 /var/www/vhosts/plenserindustrialspares.com/httpdocs/vendor/laravel/framework/src/Illuminate/Foundation/Http/Middleware/TrimStrings.php(40): Illuminate\\Foundation\\Http\\Middleware\\TransformsRequest->handle()
#50 /var/www/vhosts/plenserindustrialspares.com/httpdocs/vendor/laravel/framework/src/Illuminate/Pipeline/Pipeline.php(180): Illuminate\\Foundation\\Http\\Middleware\\TrimStrings->handle()
#51 /var/www/vhosts/plenserindustrialspares.com/httpdocs/vendor/laravel/framework/src/Illuminate/Foundation/Http/Middleware/ValidatePostSize.php(27): Illuminate\\Pipeline\\Pipeline->Illuminate\\Pipeline\\{closure}()
#52 /var/www/vhosts/plenserindustrialspares.com/httpdocs/vendor/laravel/framework/src/Illuminate/Pipeline/Pipeline.php(180): Illuminate\\Foundation\\Http\\Middleware\\ValidatePostSize->handle()
#53 /var/www/vhosts/plenserindustrialspares.com/httpdocs/vendor/laravel/framework/src/Illuminate/Foundation/Http/Middleware/PreventRequestsDuringMaintenance.php(86): Illuminate\\Pipeline\\Pipeline->Illuminate\\Pipeline\\{closure}()
#54 /var/www/vhosts/plenserindustrialspares.com/httpdocs/vendor/laravel/framework/src/Illuminate/Pipeline/Pipeline.php(180): Illuminate\\Foundation\\Http\\Middleware\\PreventRequestsDuringMaintenance->handle()
#55 /var/www/vhosts/plenserindustrialspares.com/httpdocs/vendor/laravel/framework/src/Illuminate/Http/Middleware/HandleCors.php(49): Illuminate\\Pipeline\\Pipeline->Illuminate\\Pipeline\\{closure}()
#56 /var/www/vhosts/plenserindustrialspares.com/httpdocs/vendor/laravel/framework/src/Illuminate/Pipeline/Pipeline.php(180): Illuminate\\Http\\Middleware\\HandleCors->handle()
#57 /var/www/vhosts/plenserindustrialspares.com/httpdocs/vendor/laravel/framework/src/Illuminate/Http/Middleware/TrustProxies.php(39): Illuminate\\Pipeline\\Pipeline->Illuminate\\Pipeline\\{closure}()
#58 /var/www/vhosts/plenserindustrialspares.com/httpdocs/vendor/laravel/framework/src/Illuminate/Pipeline/Pipeline.php(180): Illuminate\\Http\\Middleware\\TrustProxies->handle()
#59 /var/www/vhosts/plenserindustrialspares.com/httpdocs/vendor/laravel/framework/src/Illuminate/Pipeline/Pipeline.php(116): Illuminate\\Pipeline\\Pipeline->Illuminate\\Pipeline\\{closure}()
#60 /var/www/vhosts/plenserindustrialspares.com/httpdocs/vendor/laravel/framework/src/Illuminate/Foundation/Http/Kernel.php(165): Illuminate\\Pipeline\\Pipeline->then()
#61 /var/www/vhosts/plenserindustrialspares.com/httpdocs/vendor/laravel/framework/src/Illuminate/Foundation/Http/Kernel.php(134): Illuminate\\Foundation\\Http\\Kernel->sendRequestThroughRouter()
#62 /var/www/vhosts/plenserindustrialspares.com/httpdocs/public/index.php(51): Illuminate\\Foundation\\Http\\Kernel->handle()
#63 {main}
"} 
